<?xml version="1.0" encoding="UTF-8"?>
<!-- Generated by org.testng.reporters.JUnitReportReporter -->
<testsuite skipped="0" hostname="Arunsobh" name="com.Restaurant.TestCases.VerifyStores" tests="4" failures="0" timestamp="2022-12-24T17:15:04 IST" time="85.468" errors="0">
  <testcase name="VerifyStores" time="17.671" classname="com.Restaurant.TestCases.VerifyStores"/>
  <system-out/>
  <testcase name="addStores" time="24.259" classname="com.Restaurant.TestCases.VerifyStores"/>
  <system-out/>
  <testcase name="EditStores" time="20.330" classname="com.Restaurant.TestCases.VerifyStores"/>
  <system-out/>
  <testcase name="DeleteStores" time="23.208" classname="com.Restaurant.TestCases.VerifyStores"/>
  <system-out/>
</testsuite> <!-- com.Restaurant.TestCases.VerifyStores -->
