<?xml version="1.0" encoding="UTF-8"?>
<!-- Generated by org.testng.reporters.JUnitReportReporter -->
<testsuite skipped="0" hostname="Arunsobh" name="com.Restaurant.TestCases.VerifyValidUserLoginTest" tests="4" failures="0" timestamp="2022-12-25T20:49:27 IST" time="48.799" errors="0">
  <testcase name="VerifyUserLogin" time="15.342" classname="com.Restaurant.TestCases.VerifyValidUserLoginTest"/>
  <system-out/>
  <testcase name="VerifyInvalidUserLogin" time="11.400" classname="com.Restaurant.TestCases.VerifyValidUserLoginTest"/>
  <system-out/>
  <testcase name="VerifyInvalidUserLogin" time="10.630" classname="com.Restaurant.TestCases.VerifyValidUserLoginTest"/>
  <system-out/>
  <testcase name="VerifyInvalidUserLogin" time="11.427" classname="com.Restaurant.TestCases.VerifyValidUserLoginTest"/>
  <system-out/>
</testsuite> <!-- com.Restaurant.TestCases.VerifyValidUserLoginTest -->
