<?xml version="1.0" encoding="UTF-8"?>
<!-- Generated by org.testng.reporters.JUnitReportReporter -->
<testsuite skipped="0" hostname="Arunsobh" name="com.Restaurant.TestCases.VerifyEachLanguage" tests="2" failures="0" timestamp="2022-12-24T19:05:30 IST" time="35.887" errors="0">
  <testcase name="SelectFrance" time="19.084" classname="com.Restaurant.TestCases.VerifyEachLanguage"/>
  <system-out/>
  <testcase name="SelectPortuguese" time="16.803" classname="com.Restaurant.TestCases.VerifyEachLanguage"/>
  <system-out/>
</testsuite> <!-- com.Restaurant.TestCases.VerifyEachLanguage -->
