<?xml version="1.0" encoding="UTF-8"?>
<!-- Generated by org.testng.reporters.JUnitReportReporter -->
<testsuite skipped="0" hostname="Arunsobh" name="com.Restaurant.TestCases.VerifyPeopleTest" tests="10" failures="0" timestamp="2022-12-25T20:49:27 IST" time="182.369" errors="0">
  <testcase name="VerifyPeople" time="13.094" classname="com.Restaurant.TestCases.VerifyPeopleTest"/>
  <system-out/>
  <testcase name="AddWaiters" time="17.470" classname="com.Restaurant.TestCases.VerifyPeopleTest"/>
  <system-out/>
  <testcase name="SearchWaiters" time="14.756" classname="com.Restaurant.TestCases.VerifyPeopleTest"/>
  <system-out/>
  <testcase name="DeleteWaiters" time="20.311" classname="com.Restaurant.TestCases.VerifyPeopleTest"/>
  <system-out/>
  <testcase name="AddCustomers" time="20.068" classname="com.Restaurant.TestCases.VerifyPeopleTest"/>
  <system-out/>
  <testcase name="SearchCustomers" time="17.768" classname="com.Restaurant.TestCases.VerifyPeopleTest"/>
  <system-out/>
  <testcase name="DeleteCustomers" time="20.263" classname="com.Restaurant.TestCases.VerifyPeopleTest"/>
  <system-out/>
  <testcase name="AddSupplier" time="17.261" classname="com.Restaurant.TestCases.VerifyPeopleTest"/>
  <system-out/>
  <testcase name="SearchSuppliers" time="19.644" classname="com.Restaurant.TestCases.VerifyPeopleTest"/>
  <system-out/>
  <testcase name="DeleteSuppliers" time="21.734" classname="com.Restaurant.TestCases.VerifyPeopleTest"/>
  <system-out/>
</testsuite> <!-- com.Restaurant.TestCases.VerifyPeopleTest -->
