<?xml version="1.0" encoding="UTF-8"?>
<!-- Generated by org.testng.reporters.JUnitReportReporter -->
<testsuite skipped="0" hostname="Arunsobh" name="com.Restaurant.TestCases.VerifyStoresTest" tests="3" failures="0" timestamp="2022-12-25T20:49:27 IST" time="72.909" errors="0">
  <testcase name="addStores" time="25.966" classname="com.Restaurant.TestCases.VerifyStoresTest"/>
  <system-out/>
  <testcase name="EditStores" time="22.651" classname="com.Restaurant.TestCases.VerifyStoresTest"/>
  <system-out/>
  <testcase name="DeleteStores" time="24.292" classname="com.Restaurant.TestCases.VerifyStoresTest"/>
  <system-out/>
</testsuite> <!-- com.Restaurant.TestCases.VerifyStoresTest -->
