<?xml version="1.0" encoding="UTF-8"?>
<!-- Generated by org.testng.reporters.JUnitReportReporter -->
<testsuite skipped="0" hostname="Arunsobh" name="com.Restaurant.TestCases.VerifyEachLanguageTest" tests="2" failures="0" timestamp="2022-12-25T20:49:27 IST" time="44.907" errors="0">
  <testcase name="SelectPortuguese" time="21.622" classname="com.Restaurant.TestCases.VerifyEachLanguageTest"/>
  <system-out/>
  <testcase name="SelectFrance" time="23.285" classname="com.Restaurant.TestCases.VerifyEachLanguageTest"/>
  <system-out/>
</testsuite> <!-- com.Restaurant.TestCases.VerifyEachLanguageTest -->
